2014-05-08 21:17:07.238 HelloCordova[2436:70b] Multi-tasking -> Device: YES, App: YES
2014-05-08 21:17:07.271 HelloCordova[2436:70b] Unlimited access to network resources
2014-05-08 21:17:07.445 HelloCordova[2436:70b] CDVPlugin class CDVStatusBar (pluginName: statusbar) does not exist.
2014-05-08 21:17:07.446 HelloCordova[2436:70b] [CDVTimer][statusbar] 0.663042ms
2014-05-08 21:17:07.446 HelloCordova[2436:70b] [CDVTimer][TotalPluginStartup] 1.223981ms
2014-05-08 21:17:07.667 HelloCordova[2436:70b] Resetting plugins due to page load.
2014-05-08 21:17:07.983 HelloCordova[2436:70b] Finished load of: file:///Users/Anthony/Library/Application%20Support/iPhone%20Simulator/7.1/Applications/06DC203B-8F81-477C-A7AE-F53950AC32AF/HelloCordova.app/www/index.html#/app/playlists
Terminating in response to SpringBoard's termination.
2014-05-08 23:42:04.897 HelloCordova[3883:70b] Multi-tasking -> Device: YES, App: YES
2014-05-08 23:42:04.950 HelloCordova[3883:70b] Unlimited access to network resources
2014-05-08 23:42:05.175 HelloCordova[3883:70b] CDVPlugin class CDVStatusBar (pluginName: statusbar) does not exist.
2014-05-08 23:42:05.177 HelloCordova[3883:70b] [CDVTimer][statusbar] 1.563013ms
2014-05-08 23:42:05.178 HelloCordova[3883:70b] [CDVTimer][TotalPluginStartup] 2.505004ms
2014-05-08 23:42:05.445 HelloCordova[3883:70b] Resetting plugins due to page load.
2014-05-08 23:42:05.820 HelloCordova[3883:70b] Finished load of: file:///Users/Anthony/Library/Application%20Support/iPhone%20Simulator/7.1/Applications/06DC203B-8F81-477C-A7AE-F53950AC32AF/HelloCordova.app/www/index.html#/app/playlists
2014-05-08 23:42:22.973 HelloCordova[4046:70b] Multi-tasking -> Device: YES, App: YES
2014-05-08 23:42:22.982 HelloCordova[4046:70b] Unlimited access to network resources
2014-05-08 23:42:23.008 HelloCordova[4046:70b] CDVPlugin class CDVStatusBar (pluginName: statusbar) does not exist.
2014-05-08 23:42:23.008 HelloCordova[4046:70b] [CDVTimer][statusbar] 0.674963ms
2014-05-08 23:42:23.009 HelloCordova[4046:70b] [CDVTimer][TotalPluginStartup] 1.100957ms
2014-05-08 23:42:23.180 HelloCordova[4046:70b] Resetting plugins due to page load.
2014-05-08 23:42:23.357 HelloCordova[4046:70b] Finished load of: file:///Users/Anthony/Library/Application%20Support/iPhone%20Simulator/7.1/Applications/06DC203B-8F81-477C-A7AE-F53950AC32AF/HelloCordova.app/www/index.html#/app/playlists
